-21.6668
-10.0868
-21.4448
-12.1932
6.8859
-21.6186
244.8280
-20.2803
-16.2263
-20.0962
-14.4640
-5.8771
-23.2342
-12.2533
-21.7239
-21.5330
-10.7919
-14.8875
-7.0603
-25.3802
-18.1955
120.7402
-23.8539
193.2381
-16.5479
-18.7560
18.3118
8.9729
-19.2974
-25.6370
-18.1004
-23.5256
168.5631
-18.1769
10.4139
4.8897
82.4819
-25.8679
212.2850
-22.7635
173.5054
-8.1244
8.6561
45.2912
275.1612
-22.4342
129.2454
-23.1799
-13.8278
-15.9959
-22.4529
-7.4207
66.9704
8.2856
441.7038
-25.0163
24.6713
-13.6750
-19.6529
-19.1022
-17.9945
-16.5014
-15.2899
-17.9053
-8.3846
-16.8396
-21.2824
-16.9945
-19.1617
-23.0145
-22.2165
39.8102
-18.3085
-19.1772
-21.2523
-13.3337
-14.4744
-24.6606
-7.0630
-18.4428
